<?xml version="1.0" encoding="UTF-8"?>
<!-- Generated by org.testng.reporters.JUnitReportReporter -->
<testsuite hostname="INBOOK_X1_SLIM" failures="0" tests="1" name="POM_model.class_1" time="8.612" errors="0" timestamp="25 Feb 2023 18:42:31 GMT" skipped="0">
  <testcase classname="POM_model.class_1" name="check" time="8.612"/>
</testsuite> <!-- POM_model.class_1 -->
